<?xml version="1.0" encoding="UTF-8"?>
<!-- Generated by org.testng.reporters.JUnitReportReporter -->
<testsuite hostname="MSI-C165" failures="0" tests="1" name="Paratus2.Exercise2.testAutomation" time="60.199" errors="0" timestamp="2020-03-05T17:28:04 IST" skipped="0">
  <testcase classname="Paratus2.Exercise2.testAutomation" name="testOne" time="60.199"/>
</testsuite> <!-- Paratus2.Exercise2.testAutomation -->
