<?xml version="1.0" encoding="UTF-8"?>
<!-- Generated by org.testng.reporters.JUnitReportReporter -->
<testsuite skipped="0" hostname="DESKTOP-81BPFCL" name="Paratus2.Exercise2.testAutomation" tests="1" failures="0" timestamp="2020-03-04T23:59:09 IST" time="100.517" errors="0">
  <testcase name="testOne" time="100.517" classname="Paratus2.Exercise2.testAutomation"/>
</testsuite> <!-- Paratus2.Exercise2.testAutomation -->
