<?xml version="1.0" encoding="UTF-8"?>
<!-- Generated by org.testng.reporters.JUnitReportReporter -->
<testsuite hostname="MSI-C165" failures="0" tests="1" name="Paratus2.Exercise2.testAutomation" time="82.919" errors="0" timestamp="2020-03-05T14:13:34 IST" skipped="0">
  <testcase classname="Paratus2.Exercise2.testAutomation" name="testOne" time="82.919"/>
</testsuite> <!-- Paratus2.Exercise2.testAutomation -->
