<?xml version="1.0" encoding="UTF-8"?>
<!-- Generated by org.testng.reporters.JUnitReportReporter -->
<testsuite hostname="MSI-C165" failures="0" tests="1" name="Assignment.Test.testAutomation" time="36.234" errors="0" timestamp="2020-03-05T17:30:11 IST" skipped="0">
  <testcase classname="Assignment.Test.testAutomation" name="testOne" time="36.234"/>
</testsuite> <!-- Assignment.Test.testAutomation -->
