<?xml version="1.0" encoding="UTF-8"?>
<!-- Generated by org.testng.reporters.JUnitReportReporter -->
<testsuite hostname="MSI-C165" failures="0" tests="1" name="Assignment.Test.testAutomation" time="38.929" errors="0" timestamp="2020-03-05T18:30:07 IST" skipped="0">
  <testcase classname="Assignment.Test.testAutomation" name="testOne" time="38.929"/>
</testsuite> <!-- Assignment.Test.testAutomation -->
